Main Experiments Started at 2026年 01月 26日 星期一 02:33:32 CST
Architectures: vit_base
Algorithms: cazo
Seeds: 42 2020 2025 1234 888
GPU Count: 3
GPU IDs: 0 2 7
Total experiments: 5
============================================
Experiment 1 (cazo, vit_base, seed 2020) started at: 2026年 01月 26日 星期一 02:33:32 CST on GPU 2
Experiment 2 (cazo, vit_base, seed 2025) started at: 2026年 01月 26日 星期一 02:33:32 CST on GPU 7
Experiment 0 (cazo, vit_base, seed 42) started at: 2026年 01月 26日 星期一 02:33:32 CST on GPU 0
Experiment 2 (cazo, vit_base, seed 2025) completed successfully at: 2026年 01月 26日 星期一 12:07:39 CST
Experiment 0 (cazo, vit_base, seed 42) completed successfully at: 2026年 01月 26日 星期一 16:32:29 CST
Experiment 3 (cazo, vit_base, seed 1234) started at: 2026年 01月 26日 星期一 16:32:29 CST on GPU 0
Experiment 1 (cazo, vit_base, seed 2020) completed successfully at: 2026年 01月 26日 星期一 16:55:18 CST
Experiment 4 (cazo, vit_base, seed 888) started at: 2026年 01月 26日 星期一 16:55:18 CST on GPU 2
Experiment 3 (cazo, vit_base, seed 1234) completed successfully at: 2026年 01月 27日 星期二 04:16:10 CST
Experiment 4 (cazo, vit_base, seed 888) completed successfully at: 2026年 01月 27日 星期二 05:41:33 CST

All experiments completed at 2026年 01月 27日 星期二 05:41:33 CST
Results saved to: /home/zjm/workspace/CAZO/outputs_new/pure_entropy/main_experiments
Logs saved to: /home/zjm/workspace/CAZO/logs_new/pure_entropy/main_experiments
