2025-08-05 16:50:06,633 INFO    : 实验设置完成，使用设备: cuda:7
2025-08-05 16:50:06,633 INFO    : 实验目录: results/hessian_separate_experiment_20250805_165005
2025-08-05 16:50:06,633 INFO    : 开始运行分别生成图表的Hessian实验...
2025-08-05 16:50:06,634 INFO    : 创建ViT模型...
2025-08-05 16:50:17,512 INFO    : ViT模型创建成功: VisionTransformer
2025-08-05 16:50:17,574 INFO    : 模型参数统计:
2025-08-05 16:50:17,575 INFO    :   总参数: 86,573,034
2025-08-05 16:50:17,575 INFO    :   可训练参数: 5,378
2025-08-05 16:50:17,575 INFO    :   可训练比例: 0.01%
2025-08-05 16:50:17,576 INFO    : 准备ImageNet-C数据...
2025-08-05 16:50:18,291 INFO    : 数据集信息:
2025-08-05 16:50:18,292 INFO    :   数据集大小: 50000
2025-08-05 16:50:18,292 INFO    :   批次大小: 32
2025-08-05 16:50:18,292 INFO    :   批次数量: 1563
2025-08-05 16:50:18,292 INFO    :   腐败类型: gaussian_noise
2025-08-05 16:50:18,292 INFO    :   腐败级别: 5
2025-08-05 16:50:18,292 INFO    : 开始Hessian分析...
2025-08-05 16:50:18,311 INFO    : 将分析 100 个批次
2025-08-05 16:50:18,430 INFO    : 处理批次 1/100
2025-08-05 16:50:20,834 INFO    : 处理批次 2/100
2025-08-05 16:50:22,593 INFO    : 处理批次 3/100
2025-08-05 16:50:24,370 INFO    : 处理批次 4/100
2025-08-05 16:50:26,146 INFO    : 处理批次 5/100
2025-08-05 16:50:27,896 INFO    : 处理批次 6/100
2025-08-05 16:50:29,663 INFO    : 处理批次 7/100
2025-08-05 16:50:31,439 INFO    : 处理批次 8/100
2025-08-05 16:50:33,183 INFO    : 处理批次 9/100
2025-08-05 16:50:34,949 INFO    : 处理批次 10/100
2025-08-05 16:50:36,740 INFO    : 进度: 10/100, 已用时: 18.4s, 预计剩余: 165.9s
2025-08-05 16:50:36,740 INFO    : 处理批次 11/100
2025-08-05 16:50:38,484 INFO    : 处理批次 12/100
2025-08-05 16:50:40,270 INFO    : 处理批次 13/100
2025-08-05 16:50:42,037 INFO    : 处理批次 14/100
2025-08-05 16:50:43,808 INFO    : 处理批次 15/100
2025-08-05 16:50:45,579 INFO    : 处理批次 16/100
2025-08-05 16:50:47,343 INFO    : 处理批次 17/100
2025-08-05 16:50:49,088 INFO    : 处理批次 18/100
2025-08-05 16:50:50,879 INFO    : 处理批次 19/100
2025-08-05 16:50:52,908 INFO    : 处理批次 20/100
2025-08-05 16:50:54,656 INFO    : 进度: 20/100, 已用时: 36.3s, 预计剩余: 145.4s
2025-08-05 16:50:54,657 INFO    : 处理批次 21/100
2025-08-05 16:50:56,424 INFO    : 处理批次 22/100
2025-08-05 16:50:58,161 INFO    : 处理批次 23/100
2025-08-05 16:50:59,922 INFO    : 处理批次 24/100
2025-08-05 16:51:01,681 INFO    : 处理批次 25/100
2025-08-05 16:51:03,439 INFO    : 处理批次 26/100
2025-08-05 16:51:05,204 INFO    : 处理批次 27/100
2025-08-05 16:51:07,002 INFO    : 处理批次 28/100
2025-08-05 16:51:08,747 INFO    : 处理批次 29/100
2025-08-05 16:51:10,536 INFO    : 处理批次 30/100
2025-08-05 16:51:12,297 INFO    : 进度: 30/100, 已用时: 54.0s, 预计剩余: 126.0s
2025-08-05 16:51:12,297 INFO    : 处理批次 31/100
2025-08-05 16:51:14,039 INFO    : 处理批次 32/100
2025-08-05 16:51:15,803 INFO    : 处理批次 33/100
2025-08-05 16:51:17,707 INFO    : 处理批次 34/100
2025-08-05 16:51:19,471 INFO    : 处理批次 35/100
2025-08-05 16:51:21,249 INFO    : 处理批次 36/100
2025-08-05 16:51:23,004 INFO    : 处理批次 37/100
2025-08-05 16:51:24,747 INFO    : 处理批次 38/100
2025-08-05 16:51:26,515 INFO    : 处理批次 39/100
2025-08-05 16:51:28,261 INFO    : 处理批次 40/100
2025-08-05 16:51:30,005 INFO    : 进度: 40/100, 已用时: 71.7s, 预计剩余: 107.5s
2025-08-05 16:51:30,005 INFO    : 处理批次 41/100
2025-08-05 16:51:31,771 INFO    : 处理批次 42/100
2025-08-05 16:51:33,517 INFO    : 处理批次 43/100
2025-08-05 16:51:35,261 INFO    : 处理批次 44/100
2025-08-05 16:51:37,058 INFO    : 处理批次 45/100
2025-08-05 16:51:38,800 INFO    : 处理批次 46/100
2025-08-05 16:51:40,558 INFO    : 处理批次 47/100
2025-08-05 16:51:42,325 INFO    : 处理批次 48/100
2025-08-05 16:51:44,072 INFO    : 处理批次 49/100
2025-08-05 16:51:45,834 INFO    : 处理批次 50/100
2025-08-05 16:51:47,604 INFO    : 进度: 50/100, 已用时: 89.3s, 预计剩余: 89.3s
2025-08-05 16:51:47,604 INFO    : 处理批次 51/100
2025-08-05 16:51:49,346 INFO    : 处理批次 52/100
2025-08-05 16:51:51,112 INFO    : 处理批次 53/100
2025-08-05 16:51:52,869 INFO    : 处理批次 54/100
2025-08-05 16:51:54,639 INFO    : 处理批次 55/100
2025-08-05 16:51:56,408 INFO    : 处理批次 56/100
2025-08-05 16:51:58,174 INFO    : 处理批次 57/100
2025-08-05 16:51:59,916 INFO    : 处理批次 58/100
2025-08-05 16:52:01,700 INFO    : 处理批次 59/100
2025-08-05 16:52:03,458 INFO    : 处理批次 60/100
2025-08-05 16:52:05,195 INFO    : 进度: 60/100, 已用时: 106.9s, 预计剩余: 71.3s
2025-08-05 16:52:05,195 INFO    : 处理批次 61/100
2025-08-05 16:52:06,962 INFO    : 处理批次 62/100
2025-08-05 16:52:08,705 INFO    : 处理批次 63/100
2025-08-05 16:52:10,443 INFO    : 处理批次 64/100
2025-08-05 16:52:12,208 INFO    : 处理批次 65/100
2025-08-05 16:52:13,951 INFO    : 处理批次 66/100
2025-08-05 16:52:15,694 INFO    : 处理批次 67/100
2025-08-05 16:52:17,459 INFO    : 处理批次 68/100
2025-08-05 16:52:19,201 INFO    : 处理批次 69/100
2025-08-05 16:52:20,943 INFO    : 处理批次 70/100
2025-08-05 16:52:22,712 INFO    : 进度: 70/100, 已用时: 124.4s, 预计剩余: 53.3s
2025-08-05 16:52:22,713 INFO    : 处理批次 71/100
2025-08-05 16:52:24,456 INFO    : 处理批次 72/100
2025-08-05 16:52:26,194 INFO    : 处理批次 73/100
2025-08-05 16:52:27,950 INFO    : 处理批次 74/100
2025-08-05 16:52:29,699 INFO    : 处理批次 75/100
2025-08-05 16:52:31,440 INFO    : 处理批次 76/100
2025-08-05 16:52:33,207 INFO    : 处理批次 77/100
2025-08-05 16:52:34,949 INFO    : 处理批次 78/100
2025-08-05 16:52:36,691 INFO    : 处理批次 79/100
2025-08-05 16:52:38,453 INFO    : 处理批次 80/100
2025-08-05 16:52:40,194 INFO    : 进度: 80/100, 已用时: 141.9s, 预计剩余: 35.5s
2025-08-05 16:52:40,194 INFO    : 处理批次 81/100
2025-08-05 16:52:41,943 INFO    : 处理批次 82/100
2025-08-05 16:52:43,718 INFO    : 处理批次 83/100
2025-08-05 16:52:45,458 INFO    : 处理批次 84/100
2025-08-05 16:52:47,195 INFO    : 处理批次 85/100
2025-08-05 16:52:48,973 INFO    : 处理批次 86/100
2025-08-05 16:52:50,796 INFO    : 处理批次 87/100
2025-08-05 16:52:52,534 INFO    : 处理批次 88/100
2025-08-05 16:52:54,312 INFO    : 处理批次 89/100
2025-08-05 16:52:56,070 INFO    : 处理批次 90/100
2025-08-05 16:52:57,816 INFO    : 进度: 90/100, 已用时: 159.5s, 预计剩余: 17.7s
2025-08-05 16:52:57,816 INFO    : 处理批次 91/100
2025-08-05 16:52:59,728 INFO    : 处理批次 92/100
2025-08-05 16:53:01,471 INFO    : 处理批次 93/100
2025-08-05 16:53:03,235 INFO    : 处理批次 94/100
2025-08-05 16:53:05,014 INFO    : 处理批次 95/100
2025-08-05 16:53:06,763 INFO    : 处理批次 96/100
2025-08-05 16:53:08,531 INFO    : 处理批次 97/100
2025-08-05 16:53:10,274 INFO    : 处理批次 98/100
2025-08-05 16:53:12,047 INFO    : 处理批次 99/100
2025-08-05 16:53:13,817 INFO    : 处理批次 100/100
2025-08-05 16:53:15,578 INFO    : 进度: 100/100, 已用时: 177.3s, 预计剩余: 0.0s
2025-08-05 16:53:15,661 INFO    : Hessian分析完成，总用时: 177.4s
2025-08-05 16:53:15,662 INFO    : 生成特征值衰减模式图...
2025-08-05 16:53:16,667 INFO    : 特征值衰减模式图已保存到: results/hessian_separate_experiment_20250805_165005/figures/eigenvalue_decay_pattern.png
2025-08-05 16:53:16,667 INFO    : 生成累积解释方差图...
2025-08-05 16:53:17,087 INFO    : 累积解释方差图已保存到: results/hessian_separate_experiment_20250805_165005/figures/cumulative_explained_variance.png
2025-08-05 16:53:17,087 INFO    : 生成最终特征值分布图...
2025-08-05 16:53:17,383 INFO    : 最终特征值分布图已保存到: results/hessian_separate_experiment_20250805_165005/figures/final_eigenvalue_distribution.png
2025-08-05 16:53:17,383 INFO    : 生成有效秩演化图...
2025-08-05 16:53:17,693 INFO    : 有效秩演化图已保存到: results/hessian_separate_experiment_20250805_165005/figures/effective_rank_evolution.png
2025-08-05 16:53:17,711 INFO    : 分析数据已保存到: results/hessian_separate_experiment_20250805_165005/analysis_data.npz
2025-08-05 16:53:17,712 INFO    : 总结报告已保存到: results/hessian_separate_experiment_20250805_165005/summary_report.txt
2025-08-05 16:53:17,713 INFO    : 实验完成！生成了以下四个独立图表:
2025-08-05 16:53:17,713 INFO    :   1. eigenvalue_decay_pattern.png
2025-08-05 16:53:17,713 INFO    :   2. cumulative_explained_variance.png
2025-08-05 16:53:17,713 INFO    :   3. final_eigenvalue_distribution.png
2025-08-05 16:53:17,713 INFO    :   4. effective_rank_evolution.png
