2025-08-12 20:20:04,946 INFO    : 实验设置完成，使用设备: cuda:0
2025-08-12 20:20:04,946 INFO    : 实验目录: results/hessian_separate_experiment_v3_20250812_202004
2025-08-12 20:20:04,946 INFO    : 开始运行分别生成图表+热度图的Hessian实验...
2025-08-12 20:20:04,946 INFO    : 创建ViT模型...
2025-08-12 20:20:15,914 INFO    : ViT模型创建成功: VisionTransformer
2025-08-12 20:20:16,313 INFO    : 模型参数统计:
2025-08-12 20:20:16,313 INFO    :   总参数: 86,573,034
2025-08-12 20:20:16,313 INFO    :   可训练参数: 5,378
2025-08-12 20:20:16,314 INFO    :   可训练比例: 0.01%
2025-08-12 20:20:16,314 INFO    : 准备ImageNet-C数据...
2025-08-12 20:20:18,988 INFO    : 数据集信息:
2025-08-12 20:20:18,988 INFO    :   数据集大小: 50000
2025-08-12 20:20:18,988 INFO    :   批次大小: 64
2025-08-12 20:20:18,988 INFO    :   批次数量: 782
2025-08-12 20:20:18,989 INFO    :   腐败类型: gaussian_noise
2025-08-12 20:20:18,989 INFO    :   腐败级别: 5
2025-08-12 20:20:18,989 INFO    : 开始Hessian分析...
2025-08-12 20:20:19,008 INFO    : 将分析 100 个批次
2025-08-12 20:20:19,267 INFO    : 处理批次 1/100
2025-08-12 20:20:26,625 INFO    : 处理批次 2/100
2025-08-12 20:20:32,506 INFO    : 处理批次 3/100
2025-08-12 20:20:38,367 INFO    : 处理批次 4/100
2025-08-12 20:20:44,216 INFO    : 处理批次 5/100
2025-08-12 20:20:50,065 INFO    : 处理批次 6/100
2025-08-12 20:20:55,909 INFO    : 处理批次 7/100
2025-08-12 20:21:04,698 INFO    : 处理批次 8/100
2025-08-12 20:21:10,537 INFO    : 处理批次 9/100
2025-08-12 20:21:16,551 INFO    : 处理批次 10/100
2025-08-12 20:21:22,406 INFO    : 进度: 10/100, 已用时: 63.4s, 预计剩余: 570.6s
2025-08-12 20:21:22,406 INFO    : 处理批次 11/100
2025-08-12 20:21:28,258 INFO    : 处理批次 12/100
2025-08-12 20:21:34,144 INFO    : 处理批次 13/100
2025-08-12 20:21:39,992 INFO    : 处理批次 14/100
2025-08-12 20:21:45,871 INFO    : 处理批次 15/100
2025-08-12 20:21:51,849 INFO    : 处理批次 16/100
2025-08-12 20:21:57,735 INFO    : 处理批次 17/100
2025-08-12 20:22:04,565 INFO    : 处理批次 18/100
2025-08-12 20:22:10,431 INFO    : 处理批次 19/100
2025-08-12 20:22:16,304 INFO    : 处理批次 20/100
2025-08-12 20:22:22,156 INFO    : 进度: 20/100, 已用时: 123.1s, 预计剩余: 492.6s
2025-08-12 20:22:22,157 INFO    : 处理批次 21/100
2025-08-12 20:22:28,131 INFO    : 处理批次 22/100
2025-08-12 20:22:33,991 INFO    : 处理批次 23/100
2025-08-12 20:22:39,883 INFO    : 处理批次 24/100
2025-08-12 20:22:45,843 INFO    : 处理批次 25/100
2025-08-12 20:22:51,743 INFO    : 处理批次 26/100
2025-08-12 20:22:57,631 INFO    : 处理批次 27/100
2025-08-12 20:23:04,377 INFO    : 处理批次 28/100
2025-08-12 20:23:10,259 INFO    : 处理批次 29/100
2025-08-12 20:23:16,179 INFO    : 处理批次 30/100
2025-08-12 20:23:22,062 INFO    : 进度: 30/100, 已用时: 183.1s, 预计剩余: 427.1s
2025-08-12 20:23:22,062 INFO    : 处理批次 31/100
2025-08-12 20:23:27,909 INFO    : 处理批次 32/100
2025-08-12 20:23:33,774 INFO    : 处理批次 33/100
2025-08-12 20:23:39,645 INFO    : 处理批次 34/100
2025-08-12 20:23:45,496 INFO    : 处理批次 35/100
2025-08-12 20:23:51,468 INFO    : 处理批次 36/100
2025-08-12 20:23:57,335 INFO    : 处理批次 37/100
2025-08-12 20:24:04,249 INFO    : 处理批次 38/100
2025-08-12 20:24:10,137 INFO    : 处理批次 39/100
2025-08-12 20:24:16,017 INFO    : 处理批次 40/100
2025-08-12 20:24:21,940 INFO    : 进度: 40/100, 已用时: 242.9s, 预计剩余: 364.4s
2025-08-12 20:24:21,940 INFO    : 处理批次 41/100
2025-08-12 20:24:27,816 INFO    : 处理批次 42/100
2025-08-12 20:24:33,702 INFO    : 处理批次 43/100
2025-08-12 20:24:39,663 INFO    : 处理批次 44/100
2025-08-12 20:24:45,539 INFO    : 处理批次 45/100
2025-08-12 20:24:51,502 INFO    : 处理批次 46/100
2025-08-12 20:24:57,368 INFO    : 处理批次 47/100
2025-08-12 20:25:04,466 INFO    : 处理批次 48/100
2025-08-12 20:25:10,326 INFO    : 处理批次 49/100
2025-08-12 20:25:16,185 INFO    : 处理批次 50/100
2025-08-12 20:25:22,166 INFO    : 进度: 50/100, 已用时: 303.2s, 预计剩余: 303.2s
2025-08-12 20:25:22,167 INFO    : 处理批次 51/100
2025-08-12 20:25:28,052 INFO    : 处理批次 52/100
2025-08-12 20:25:33,903 INFO    : 处理批次 53/100
2025-08-12 20:25:39,762 INFO    : 处理批次 54/100
2025-08-12 20:25:45,664 INFO    : 处理批次 55/100
2025-08-12 20:25:51,509 INFO    : 处理批次 56/100
2025-08-12 20:25:57,349 INFO    : 处理批次 57/100
2025-08-12 20:26:04,679 INFO    : 处理批次 58/100
2025-08-12 20:26:10,536 INFO    : 处理批次 59/100
2025-08-12 20:26:16,450 INFO    : 处理批次 60/100
2025-08-12 20:26:22,299 INFO    : 进度: 60/100, 已用时: 363.3s, 预计剩余: 242.2s
2025-08-12 20:26:22,299 INFO    : 处理批次 61/100
2025-08-12 20:26:28,154 INFO    : 处理批次 62/100
2025-08-12 20:26:34,136 INFO    : 处理批次 63/100
2025-08-12 20:26:40,009 INFO    : 处理批次 64/100
2025-08-12 20:26:45,874 INFO    : 处理批次 65/100
2025-08-12 20:26:51,790 INFO    : 处理批次 66/100
2025-08-12 20:26:57,652 INFO    : 处理批次 67/100
2025-08-12 20:27:04,603 INFO    : 处理批次 68/100
2025-08-12 20:27:10,483 INFO    : 处理批次 69/100
2025-08-12 20:27:16,344 INFO    : 处理批次 70/100
2025-08-12 20:27:22,202 INFO    : 进度: 70/100, 已用时: 423.2s, 预计剩余: 181.4s
2025-08-12 20:27:22,202 INFO    : 处理批次 71/100
2025-08-12 20:27:28,051 INFO    : 处理批次 72/100
2025-08-12 20:27:33,908 INFO    : 处理批次 73/100
2025-08-12 20:27:39,862 INFO    : 处理批次 74/100
2025-08-12 20:27:45,727 INFO    : 处理批次 75/100
2025-08-12 20:27:51,574 INFO    : 处理批次 76/100
2025-08-12 20:27:57,419 INFO    : 处理批次 77/100
2025-08-12 20:28:04,498 INFO    : 处理批次 78/100
2025-08-12 20:28:10,372 INFO    : 处理批次 79/100
2025-08-12 20:28:16,251 INFO    : 处理批次 80/100
2025-08-12 20:28:22,180 INFO    : 进度: 80/100, 已用时: 483.2s, 预计剩余: 120.8s
2025-08-12 20:28:22,180 INFO    : 处理批次 81/100
2025-08-12 20:28:28,070 INFO    : 处理批次 82/100
2025-08-12 20:28:33,918 INFO    : 处理批次 83/100
2025-08-12 20:28:39,886 INFO    : 处理批次 84/100
2025-08-12 20:28:45,767 INFO    : 处理批次 85/100
2025-08-12 20:28:51,631 INFO    : 处理批次 86/100
2025-08-12 20:28:57,485 INFO    : 处理批次 87/100
2025-08-12 20:29:04,710 INFO    : 处理批次 88/100
2025-08-12 20:29:10,569 INFO    : 处理批次 89/100
2025-08-12 20:29:16,548 INFO    : 处理批次 90/100
2025-08-12 20:29:22,404 INFO    : 进度: 90/100, 已用时: 543.4s, 预计剩余: 60.4s
2025-08-12 20:29:22,405 INFO    : 处理批次 91/100
2025-08-12 20:29:28,267 INFO    : 处理批次 92/100
2025-08-12 20:29:34,114 INFO    : 处理批次 93/100
2025-08-12 20:29:39,964 INFO    : 处理批次 94/100
2025-08-12 20:29:45,936 INFO    : 处理批次 95/100
2025-08-12 20:29:51,966 INFO    : 处理批次 96/100
2025-08-12 20:29:57,828 INFO    : 处理批次 97/100
2025-08-12 20:30:04,693 INFO    : 处理批次 98/100
2025-08-12 20:30:10,566 INFO    : 处理批次 99/100
2025-08-12 20:30:16,420 INFO    : 处理批次 100/100
2025-08-12 20:30:22,286 INFO    : 进度: 100/100, 已用时: 603.3s, 预计剩余: 0.0s
2025-08-12 20:30:22,511 INFO    : Hessian分析完成，总用时: 603.5s
2025-08-12 20:30:22,512 INFO    : 生成特征值衰减模式图...
2025-08-12 20:30:23,226 INFO    : 特征值衰减模式图已保存到: results/hessian_separate_experiment_v3_20250812_202004/figures/eigenvalue_decay_pattern.png
2025-08-12 20:30:23,227 INFO    : 生成累积解释方差图...
2025-08-12 20:30:23,643 INFO    : 累积解释方差图已保存到: results/hessian_separate_experiment_v3_20250812_202004/figures/cumulative_explained_variance.png
2025-08-12 20:30:23,643 INFO    : 生成最终特征值分布图...
2025-08-12 20:30:23,947 INFO    : 最终特征值分布图已保存到: results/hessian_separate_experiment_v3_20250812_202004/figures/final_eigenvalue_distribution.png
2025-08-12 20:30:23,948 INFO    : 生成有效秩演化图...
2025-08-12 20:30:24,260 INFO    : 有效秩演化图已保存到: results/hessian_separate_experiment_v3_20250812_202004/figures/effective_rank_evolution.png
2025-08-12 20:30:24,260 INFO    : 生成Hessian热度图...
2025-08-12 20:30:43,814 INFO    : Hessian热度图已保存: results/hessian_separate_experiment_v3_20250812_202004/figures/hessian_heatmap_step_000.png
2025-08-12 20:31:03,438 INFO    : Hessian热度图已保存: results/hessian_separate_experiment_v3_20250812_202004/figures/hessian_heatmap_step_025.png
2025-08-12 20:31:22,908 INFO    : Hessian热度图已保存: results/hessian_separate_experiment_v3_20250812_202004/figures/hessian_heatmap_step_050.png
2025-08-12 20:31:42,138 INFO    : Hessian热度图已保存: results/hessian_separate_experiment_v3_20250812_202004/figures/hessian_heatmap_step_075.png
2025-08-12 20:32:01,493 INFO    : Hessian热度图已保存: results/hessian_separate_experiment_v3_20250812_202004/figures/hessian_heatmap_step_099.png
2025-08-12 20:34:36,248 INFO    : Hessian热度图网格已保存: results/hessian_separate_experiment_v3_20250812_202004/figures/hessian_heatmaps_grid.png
2025-08-12 20:34:36,270 INFO    : 分析数据已保存到: results/hessian_separate_experiment_v3_20250812_202004/analysis_data.npz
2025-08-12 20:34:36,272 INFO    : 总结报告已保存到: results/hessian_separate_experiment_v3_20250812_202004/summary_report.txt
2025-08-12 20:34:36,272 INFO    : 实验完成！
