2026-01-29 17:36:47,118 INFO    : 收集adapter参数:
2026-01-29 17:36:47,118 INFO    : 添加参数: adapters.adapter_3.adapter_layer_norm_before.weight, shape: torch.Size([768])
2026-01-29 17:36:47,118 INFO    : 添加参数: adapters.adapter_3.adapter_layer_norm_before.bias, shape: torch.Size([768])
2026-01-29 17:36:47,118 INFO    : 添加参数: adapters.adapter_3.down_proj.weight, shape: torch.Size([2, 768])
2026-01-29 17:36:47,119 INFO    : 添加参数: adapters.adapter_3.down_proj.bias, shape: torch.Size([2])
2026-01-29 17:36:47,119 INFO    : 添加参数: adapters.adapter_3.up_proj.weight, shape: torch.Size([768, 2])
2026-01-29 17:36:47,119 INFO    : 添加参数: adapters.adapter_3.up_proj.bias, shape: torch.Size([768])
2026-01-29 17:36:47,119 INFO    : Adapter参数总数: 5378
2026-01-29 17:36:47,398 INFO    : === Step 0: 开始Hessian分析 ===
2026-01-29 17:36:51,228 INFO    : Step 0: 分析低秩特性
2026-01-29 17:36:51,657 INFO    : Step 0: 分析完成
2026-01-29 17:36:51,658 INFO    : === Step 1: 开始Hessian分析 ===
2026-01-29 17:36:54,835 INFO    : Step 1: 分析低秩特性
2026-01-29 17:36:55,382 INFO    : Step 1: 分析一致性
2026-01-29 17:36:55,556 INFO    : Step 1: 分析完成
2026-01-29 17:36:55,557 INFO    : === Step 2: 开始Hessian分析 ===
2026-01-29 17:36:58,743 INFO    : Step 2: 分析低秩特性
2026-01-29 17:36:59,292 INFO    : Step 2: 分析一致性
2026-01-29 17:36:59,445 INFO    : Step 2: 分析完成
2026-01-29 17:36:59,446 INFO    : === Step 3: 开始Hessian分析 ===
2026-01-29 17:37:02,632 INFO    : Step 3: 分析低秩特性
2026-01-29 17:37:03,181 INFO    : Step 3: 分析一致性
2026-01-29 17:37:03,335 INFO    : Step 3: 分析完成
2026-01-29 17:37:03,335 INFO    : === Step 4: 开始Hessian分析 ===
2026-01-29 17:37:06,527 INFO    : Step 4: 分析低秩特性
2026-01-29 17:37:07,075 INFO    : Step 4: 分析一致性
2026-01-29 17:37:07,231 INFO    : Step 4: 分析完成
2026-01-29 17:37:07,231 INFO    : === Step 5: 开始Hessian分析 ===
2026-01-29 17:37:10,423 INFO    : Step 5: 分析低秩特性
2026-01-29 17:37:10,973 INFO    : Step 5: 分析一致性
2026-01-29 17:37:11,127 INFO    : Step 5: 分析完成
2026-01-29 17:37:11,128 INFO    : === Step 6: 开始Hessian分析 ===
2026-01-29 17:37:14,326 INFO    : Step 6: 分析低秩特性
2026-01-29 17:37:14,876 INFO    : Step 6: 分析一致性
2026-01-29 17:37:15,030 INFO    : Step 6: 分析完成
2026-01-29 17:37:15,031 INFO    : === Step 7: 开始Hessian分析 ===
2026-01-29 17:37:18,231 INFO    : Step 7: 分析低秩特性
2026-01-29 17:37:18,783 INFO    : Step 7: 分析一致性
2026-01-29 17:37:18,936 INFO    : Step 7: 分析完成
2026-01-29 17:37:18,937 INFO    : === Step 8: 开始Hessian分析 ===
2026-01-29 17:37:22,139 INFO    : Step 8: 分析低秩特性
2026-01-29 17:37:22,691 INFO    : Step 8: 分析一致性
2026-01-29 17:37:22,843 INFO    : Step 8: 分析完成
2026-01-29 17:37:22,844 INFO    : === Step 9: 开始Hessian分析 ===
2026-01-29 17:37:26,055 INFO    : Step 9: 分析低秩特性
2026-01-29 17:37:26,608 INFO    : Step 9: 分析一致性
2026-01-29 17:37:26,761 INFO    : Step 9: 分析完成
2026-01-29 17:37:26,761 INFO    : === Step 10: 开始Hessian分析 ===
2026-01-29 17:37:29,977 INFO    : Step 10: 分析低秩特性
2026-01-29 17:37:30,528 INFO    : Step 10: 分析一致性
2026-01-29 17:37:30,681 INFO    : Step 10: 分析完成
2026-01-29 17:37:30,681 INFO    : === Step 11: 开始Hessian分析 ===
2026-01-29 17:37:33,897 INFO    : Step 11: 分析低秩特性
2026-01-29 17:37:34,453 INFO    : Step 11: 分析一致性
2026-01-29 17:37:34,609 INFO    : Step 11: 分析完成
2026-01-29 17:37:34,610 INFO    : === Step 12: 开始Hessian分析 ===
2026-01-29 17:37:37,823 INFO    : Step 12: 分析低秩特性
2026-01-29 17:37:38,376 INFO    : Step 12: 分析一致性
2026-01-29 17:37:38,529 INFO    : Step 12: 分析完成
2026-01-29 17:37:38,530 INFO    : === Step 13: 开始Hessian分析 ===
2026-01-29 17:37:41,749 INFO    : Step 13: 分析低秩特性
2026-01-29 17:37:42,301 INFO    : Step 13: 分析一致性
2026-01-29 17:37:42,453 INFO    : Step 13: 分析完成
2026-01-29 17:37:42,454 INFO    : === Step 14: 开始Hessian分析 ===
2026-01-29 17:37:45,671 INFO    : Step 14: 分析低秩特性
2026-01-29 17:37:46,225 INFO    : Step 14: 分析一致性
2026-01-29 17:37:46,377 INFO    : Step 14: 分析完成
2026-01-29 17:37:46,378 INFO    : === Step 15: 开始Hessian分析 ===
2026-01-29 17:37:49,594 INFO    : Step 15: 分析低秩特性
2026-01-29 17:37:50,147 INFO    : Step 15: 分析一致性
2026-01-29 17:37:50,300 INFO    : Step 15: 分析完成
2026-01-29 17:37:50,301 INFO    : === Step 16: 开始Hessian分析 ===
2026-01-29 17:37:53,516 INFO    : Step 16: 分析低秩特性
2026-01-29 17:37:54,068 INFO    : Step 16: 分析一致性
2026-01-29 17:37:54,222 INFO    : Step 16: 分析完成
2026-01-29 17:37:54,223 INFO    : === Step 17: 开始Hessian分析 ===
2026-01-29 17:37:57,437 INFO    : Step 17: 分析低秩特性
2026-01-29 17:37:57,993 INFO    : Step 17: 分析一致性
2026-01-29 17:37:58,145 INFO    : Step 17: 分析完成
2026-01-29 17:37:58,145 INFO    : === Step 18: 开始Hessian分析 ===
2026-01-29 17:38:01,360 INFO    : Step 18: 分析低秩特性
2026-01-29 17:38:01,912 INFO    : Step 18: 分析一致性
2026-01-29 17:38:02,065 INFO    : Step 18: 分析完成
2026-01-29 17:38:02,065 INFO    : === Step 19: 开始Hessian分析 ===
2026-01-29 17:38:05,285 INFO    : Step 19: 分析低秩特性
2026-01-29 17:38:05,838 INFO    : Step 19: 分析一致性
2026-01-29 17:38:05,991 INFO    : Step 19: 分析完成
2026-01-29 17:38:05,992 INFO    : === Step 20: 开始Hessian分析 ===
2026-01-29 17:38:09,216 INFO    : Step 20: 分析低秩特性
2026-01-29 17:38:09,770 INFO    : Step 20: 分析一致性
2026-01-29 17:38:09,923 INFO    : Step 20: 分析完成
2026-01-29 17:38:09,924 INFO    : === Step 21: 开始Hessian分析 ===
2026-01-29 17:38:13,147 INFO    : Step 21: 分析低秩特性
2026-01-29 17:38:13,701 INFO    : Step 21: 分析一致性
2026-01-29 17:38:13,854 INFO    : Step 21: 分析完成
2026-01-29 17:38:13,855 INFO    : === Step 22: 开始Hessian分析 ===
2026-01-29 17:38:17,077 INFO    : Step 22: 分析低秩特性
2026-01-29 17:38:17,629 INFO    : Step 22: 分析一致性
2026-01-29 17:38:17,783 INFO    : Step 22: 分析完成
2026-01-29 17:38:17,784 INFO    : === Step 23: 开始Hessian分析 ===
2026-01-29 17:38:21,006 INFO    : Step 23: 分析低秩特性
2026-01-29 17:38:21,567 INFO    : Step 23: 分析一致性
2026-01-29 17:38:21,721 INFO    : Step 23: 分析完成
2026-01-29 17:38:21,722 INFO    : === Step 24: 开始Hessian分析 ===
2026-01-29 17:38:24,942 INFO    : Step 24: 分析低秩特性
2026-01-29 17:38:25,496 INFO    : Step 24: 分析一致性
2026-01-29 17:38:25,651 INFO    : Step 24: 分析完成
2026-01-29 17:38:25,652 INFO    : === Step 25: 开始Hessian分析 ===
2026-01-29 17:38:28,879 INFO    : Step 25: 分析低秩特性
2026-01-29 17:38:29,433 INFO    : Step 25: 分析一致性
2026-01-29 17:38:29,589 INFO    : Step 25: 分析完成
2026-01-29 17:38:29,590 INFO    : === Step 26: 开始Hessian分析 ===
2026-01-29 17:38:32,822 INFO    : Step 26: 分析低秩特性
2026-01-29 17:38:33,378 INFO    : Step 26: 分析一致性
2026-01-29 17:38:33,535 INFO    : Step 26: 分析完成
2026-01-29 17:38:33,535 INFO    : === Step 27: 开始Hessian分析 ===
2026-01-29 17:38:36,761 INFO    : Step 27: 分析低秩特性
2026-01-29 17:38:37,316 INFO    : Step 27: 分析一致性
2026-01-29 17:38:37,469 INFO    : Step 27: 分析完成
2026-01-29 17:38:37,470 INFO    : === Step 28: 开始Hessian分析 ===
2026-01-29 17:38:40,696 INFO    : Step 28: 分析低秩特性
2026-01-29 17:38:41,252 INFO    : Step 28: 分析一致性
2026-01-29 17:38:41,407 INFO    : Step 28: 分析完成
2026-01-29 17:38:41,407 INFO    : === Step 29: 开始Hessian分析 ===
2026-01-29 17:38:44,631 INFO    : Step 29: 分析低秩特性
2026-01-29 17:38:45,186 INFO    : Step 29: 分析一致性
2026-01-29 17:38:45,342 INFO    : Step 29: 分析完成
2026-01-29 17:38:45,342 INFO    : === Step 30: 开始Hessian分析 ===
2026-01-29 17:38:48,572 INFO    : Step 30: 分析低秩特性
2026-01-29 17:38:49,128 INFO    : Step 30: 分析一致性
2026-01-29 17:38:49,282 INFO    : Step 30: 分析完成
2026-01-29 17:38:49,282 INFO    : === Step 31: 开始Hessian分析 ===
2026-01-29 17:38:52,511 INFO    : Step 31: 分析低秩特性
2026-01-29 17:38:53,065 INFO    : Step 31: 分析一致性
2026-01-29 17:38:53,219 INFO    : Step 31: 分析完成
2026-01-29 17:38:53,220 INFO    : === Step 32: 开始Hessian分析 ===
2026-01-29 17:38:56,442 INFO    : Step 32: 分析低秩特性
2026-01-29 17:38:56,997 INFO    : Step 32: 分析一致性
2026-01-29 17:38:57,152 INFO    : Step 32: 分析完成
2026-01-29 17:38:57,153 INFO    : === Step 33: 开始Hessian分析 ===
2026-01-29 17:39:00,382 INFO    : Step 33: 分析低秩特性
2026-01-29 17:39:00,938 INFO    : Step 33: 分析一致性
2026-01-29 17:39:01,093 INFO    : Step 33: 分析完成
2026-01-29 17:39:01,094 INFO    : === Step 34: 开始Hessian分析 ===
2026-01-29 17:39:04,325 INFO    : Step 34: 分析低秩特性
2026-01-29 17:39:04,880 INFO    : Step 34: 分析一致性
2026-01-29 17:39:05,037 INFO    : Step 34: 分析完成
2026-01-29 17:39:05,038 INFO    : === Step 35: 开始Hessian分析 ===
2026-01-29 17:39:08,261 INFO    : Step 35: 分析低秩特性
2026-01-29 17:39:08,815 INFO    : Step 35: 分析一致性
2026-01-29 17:39:08,970 INFO    : Step 35: 分析完成
2026-01-29 17:39:08,970 INFO    : === Step 36: 开始Hessian分析 ===
2026-01-29 17:39:12,205 INFO    : Step 36: 分析低秩特性
2026-01-29 17:39:12,761 INFO    : Step 36: 分析一致性
2026-01-29 17:39:12,915 INFO    : Step 36: 分析完成
2026-01-29 17:39:12,915 INFO    : === Step 37: 开始Hessian分析 ===
2026-01-29 17:39:16,147 INFO    : Step 37: 分析低秩特性
2026-01-29 17:39:16,702 INFO    : Step 37: 分析一致性
2026-01-29 17:39:16,857 INFO    : Step 37: 分析完成
2026-01-29 17:39:16,857 INFO    : === Step 38: 开始Hessian分析 ===
2026-01-29 17:39:20,079 INFO    : Step 38: 分析低秩特性
2026-01-29 17:39:20,634 INFO    : Step 38: 分析一致性
2026-01-29 17:39:20,789 INFO    : Step 38: 分析完成
2026-01-29 17:39:20,790 INFO    : === Step 39: 开始Hessian分析 ===
2026-01-29 17:39:24,019 INFO    : Step 39: 分析低秩特性
2026-01-29 17:39:24,576 INFO    : Step 39: 分析一致性
2026-01-29 17:39:24,731 INFO    : Step 39: 分析完成
2026-01-29 17:39:24,731 INFO    : === Step 40: 开始Hessian分析 ===
2026-01-29 17:39:27,964 INFO    : Step 40: 分析低秩特性
2026-01-29 17:39:28,518 INFO    : Step 40: 分析一致性
2026-01-29 17:39:28,673 INFO    : Step 40: 分析完成
2026-01-29 17:39:28,674 INFO    : === Step 41: 开始Hessian分析 ===
2026-01-29 17:39:31,898 INFO    : Step 41: 分析低秩特性
2026-01-29 17:39:32,454 INFO    : Step 41: 分析一致性
2026-01-29 17:39:32,610 INFO    : Step 41: 分析完成
2026-01-29 17:39:32,610 INFO    : === Step 42: 开始Hessian分析 ===
2026-01-29 17:39:35,838 INFO    : Step 42: 分析低秩特性
2026-01-29 17:39:36,400 INFO    : Step 42: 分析一致性
2026-01-29 17:39:36,554 INFO    : Step 42: 分析完成
2026-01-29 17:39:36,554 INFO    : === Step 43: 开始Hessian分析 ===
2026-01-29 17:39:39,787 INFO    : Step 43: 分析低秩特性
2026-01-29 17:39:40,342 INFO    : Step 43: 分析一致性
2026-01-29 17:39:40,497 INFO    : Step 43: 分析完成
2026-01-29 17:39:40,498 INFO    : === Step 44: 开始Hessian分析 ===
2026-01-29 17:39:43,725 INFO    : Step 44: 分析低秩特性
2026-01-29 17:39:44,279 INFO    : Step 44: 分析一致性
2026-01-29 17:39:44,435 INFO    : Step 44: 分析完成
2026-01-29 17:39:44,436 INFO    : === Step 45: 开始Hessian分析 ===
2026-01-29 17:39:47,656 INFO    : Step 45: 分析低秩特性
2026-01-29 17:39:48,212 INFO    : Step 45: 分析一致性
2026-01-29 17:39:48,366 INFO    : Step 45: 分析完成
2026-01-29 17:39:48,367 INFO    : === Step 46: 开始Hessian分析 ===
2026-01-29 17:39:51,600 INFO    : Step 46: 分析低秩特性
2026-01-29 17:39:52,155 INFO    : Step 46: 分析一致性
2026-01-29 17:39:52,310 INFO    : Step 46: 分析完成
2026-01-29 17:39:52,311 INFO    : === Step 47: 开始Hessian分析 ===
2026-01-29 17:39:55,538 INFO    : Step 47: 分析低秩特性
2026-01-29 17:39:56,093 INFO    : Step 47: 分析一致性
2026-01-29 17:39:56,247 INFO    : Step 47: 分析完成
2026-01-29 17:39:56,248 INFO    : === Step 48: 开始Hessian分析 ===
2026-01-29 17:39:59,476 INFO    : Step 48: 分析低秩特性
2026-01-29 17:40:00,032 INFO    : Step 48: 分析一致性
2026-01-29 17:40:00,188 INFO    : Step 48: 分析完成
2026-01-29 17:40:00,189 INFO    : === Step 49: 开始Hessian分析 ===
2026-01-29 17:40:03,418 INFO    : Step 49: 分析低秩特性
2026-01-29 17:40:03,973 INFO    : Step 49: 分析一致性
2026-01-29 17:40:04,127 INFO    : Step 49: 分析完成
2026-01-29 17:40:04,127 INFO    : === Step 50: 开始Hessian分析 ===
2026-01-29 17:40:07,356 INFO    : Step 50: 分析低秩特性
2026-01-29 17:40:07,911 INFO    : Step 50: 分析一致性
2026-01-29 17:40:08,065 INFO    : Step 50: 分析完成
2026-01-29 17:40:08,065 INFO    : === Step 51: 开始Hessian分析 ===
2026-01-29 17:40:11,295 INFO    : Step 51: 分析低秩特性
2026-01-29 17:40:11,851 INFO    : Step 51: 分析一致性
2026-01-29 17:40:12,004 INFO    : Step 51: 分析完成
2026-01-29 17:40:12,005 INFO    : === Step 52: 开始Hessian分析 ===
2026-01-29 17:40:15,232 INFO    : Step 52: 分析低秩特性
2026-01-29 17:40:15,787 INFO    : Step 52: 分析一致性
2026-01-29 17:40:15,942 INFO    : Step 52: 分析完成
2026-01-29 17:40:15,943 INFO    : === Step 53: 开始Hessian分析 ===
2026-01-29 17:40:19,170 INFO    : Step 53: 分析低秩特性
2026-01-29 17:40:19,725 INFO    : Step 53: 分析一致性
2026-01-29 17:40:19,880 INFO    : Step 53: 分析完成
2026-01-29 17:40:19,881 INFO    : === Step 54: 开始Hessian分析 ===
2026-01-29 17:40:23,109 INFO    : Step 54: 分析低秩特性
2026-01-29 17:40:23,665 INFO    : Step 54: 分析一致性
2026-01-29 17:40:23,818 INFO    : Step 54: 分析完成
2026-01-29 17:40:23,819 INFO    : === Step 55: 开始Hessian分析 ===
2026-01-29 17:40:27,049 INFO    : Step 55: 分析低秩特性
2026-01-29 17:40:27,604 INFO    : Step 55: 分析一致性
2026-01-29 17:40:27,759 INFO    : Step 55: 分析完成
2026-01-29 17:40:27,759 INFO    : === Step 56: 开始Hessian分析 ===
2026-01-29 17:40:30,985 INFO    : Step 56: 分析低秩特性
2026-01-29 17:40:31,540 INFO    : Step 56: 分析一致性
2026-01-29 17:40:31,693 INFO    : Step 56: 分析完成
2026-01-29 17:40:31,694 INFO    : === Step 57: 开始Hessian分析 ===
2026-01-29 17:40:34,926 INFO    : Step 57: 分析低秩特性
2026-01-29 17:40:35,483 INFO    : Step 57: 分析一致性
2026-01-29 17:40:35,639 INFO    : Step 57: 分析完成
2026-01-29 17:40:35,640 INFO    : === Step 58: 开始Hessian分析 ===
2026-01-29 17:40:38,872 INFO    : Step 58: 分析低秩特性
2026-01-29 17:40:39,426 INFO    : Step 58: 分析一致性
2026-01-29 17:40:39,582 INFO    : Step 58: 分析完成
2026-01-29 17:40:39,583 INFO    : === Step 59: 开始Hessian分析 ===
2026-01-29 17:40:42,805 INFO    : Step 59: 分析低秩特性
2026-01-29 17:40:43,361 INFO    : Step 59: 分析一致性
2026-01-29 17:40:43,516 INFO    : Step 59: 分析完成
2026-01-29 17:40:43,516 INFO    : === Step 60: 开始Hessian分析 ===
2026-01-29 17:40:46,749 INFO    : Step 60: 分析低秩特性
2026-01-29 17:40:47,305 INFO    : Step 60: 分析一致性
2026-01-29 17:40:47,460 INFO    : Step 60: 分析完成
2026-01-29 17:40:47,461 INFO    : === Step 61: 开始Hessian分析 ===
2026-01-29 17:40:50,694 INFO    : Step 61: 分析低秩特性
2026-01-29 17:40:51,248 INFO    : Step 61: 分析一致性
2026-01-29 17:40:51,402 INFO    : Step 61: 分析完成
2026-01-29 17:40:51,403 INFO    : === Step 62: 开始Hessian分析 ===
2026-01-29 17:40:54,629 INFO    : Step 62: 分析低秩特性
2026-01-29 17:40:55,184 INFO    : Step 62: 分析一致性
2026-01-29 17:40:55,341 INFO    : Step 62: 分析完成
2026-01-29 17:40:55,341 INFO    : === Step 63: 开始Hessian分析 ===
2026-01-29 17:40:58,566 INFO    : Step 63: 分析低秩特性
2026-01-29 17:40:59,122 INFO    : Step 63: 分析一致性
2026-01-29 17:40:59,277 INFO    : Step 63: 分析完成
2026-01-29 17:40:59,278 INFO    : === Step 64: 开始Hessian分析 ===
2026-01-29 17:41:02,512 INFO    : Step 64: 分析低秩特性
2026-01-29 17:41:03,066 INFO    : Step 64: 分析一致性
2026-01-29 17:41:03,221 INFO    : Step 64: 分析完成
2026-01-29 17:41:03,222 INFO    : === Step 65: 开始Hessian分析 ===
2026-01-29 17:41:06,444 INFO    : Step 65: 分析低秩特性
2026-01-29 17:41:07,000 INFO    : Step 65: 分析一致性
2026-01-29 17:41:07,155 INFO    : Step 65: 分析完成
2026-01-29 17:41:07,155 INFO    : === Step 66: 开始Hessian分析 ===
2026-01-29 17:41:10,385 INFO    : Step 66: 分析低秩特性
2026-01-29 17:41:10,940 INFO    : Step 66: 分析一致性
2026-01-29 17:41:11,094 INFO    : Step 66: 分析完成
2026-01-29 17:41:11,095 INFO    : === Step 67: 开始Hessian分析 ===
2026-01-29 17:41:14,328 INFO    : Step 67: 分析低秩特性
2026-01-29 17:41:14,883 INFO    : Step 67: 分析一致性
2026-01-29 17:41:15,038 INFO    : Step 67: 分析完成
2026-01-29 17:41:15,038 INFO    : === Step 68: 开始Hessian分析 ===
2026-01-29 17:41:18,266 INFO    : Step 68: 分析低秩特性
2026-01-29 17:41:18,821 INFO    : Step 68: 分析一致性
2026-01-29 17:41:18,975 INFO    : Step 68: 分析完成
2026-01-29 17:41:18,976 INFO    : === Step 69: 开始Hessian分析 ===
2026-01-29 17:41:22,205 INFO    : Step 69: 分析低秩特性
2026-01-29 17:41:22,760 INFO    : Step 69: 分析一致性
2026-01-29 17:41:22,915 INFO    : Step 69: 分析完成
2026-01-29 17:41:22,915 INFO    : === Step 70: 开始Hessian分析 ===
2026-01-29 17:41:26,149 INFO    : Step 70: 分析低秩特性
2026-01-29 17:41:26,703 INFO    : Step 70: 分析一致性
2026-01-29 17:41:26,857 INFO    : Step 70: 分析完成
2026-01-29 17:41:26,858 INFO    : === Step 71: 开始Hessian分析 ===
2026-01-29 17:41:30,083 INFO    : Step 71: 分析低秩特性
2026-01-29 17:41:30,638 INFO    : Step 71: 分析一致性
2026-01-29 17:41:30,795 INFO    : Step 71: 分析完成
2026-01-29 17:41:30,796 INFO    : === Step 72: 开始Hessian分析 ===
2026-01-29 17:41:34,020 INFO    : Step 72: 分析低秩特性
2026-01-29 17:41:34,575 INFO    : Step 72: 分析一致性
2026-01-29 17:41:34,729 INFO    : Step 72: 分析完成
2026-01-29 17:41:34,730 INFO    : === Step 73: 开始Hessian分析 ===
2026-01-29 17:41:37,957 INFO    : Step 73: 分析低秩特性
2026-01-29 17:41:38,512 INFO    : Step 73: 分析一致性
2026-01-29 17:41:38,667 INFO    : Step 73: 分析完成
2026-01-29 17:41:38,668 INFO    : === Step 74: 开始Hessian分析 ===
2026-01-29 17:41:41,893 INFO    : Step 74: 分析低秩特性
2026-01-29 17:41:42,453 INFO    : Step 74: 分析一致性
2026-01-29 17:41:42,608 INFO    : Step 74: 分析完成
2026-01-29 17:41:42,609 INFO    : === Step 75: 开始Hessian分析 ===
2026-01-29 17:41:45,841 INFO    : Step 75: 分析低秩特性
2026-01-29 17:41:46,398 INFO    : Step 75: 分析一致性
2026-01-29 17:41:46,552 INFO    : Step 75: 分析完成
2026-01-29 17:41:46,552 INFO    : === Step 76: 开始Hessian分析 ===
2026-01-29 17:41:49,781 INFO    : Step 76: 分析低秩特性
2026-01-29 17:41:50,337 INFO    : Step 76: 分析一致性
2026-01-29 17:41:50,492 INFO    : Step 76: 分析完成
2026-01-29 17:41:50,493 INFO    : === Step 77: 开始Hessian分析 ===
2026-01-29 17:41:53,719 INFO    : Step 77: 分析低秩特性
2026-01-29 17:41:54,274 INFO    : Step 77: 分析一致性
2026-01-29 17:41:54,428 INFO    : Step 77: 分析完成
2026-01-29 17:41:54,429 INFO    : === Step 78: 开始Hessian分析 ===
2026-01-29 17:41:57,661 INFO    : Step 78: 分析低秩特性
2026-01-29 17:41:58,217 INFO    : Step 78: 分析一致性
2026-01-29 17:41:58,372 INFO    : Step 78: 分析完成
2026-01-29 17:41:58,372 INFO    : === Step 79: 开始Hessian分析 ===
2026-01-29 17:42:01,600 INFO    : Step 79: 分析低秩特性
2026-01-29 17:42:02,156 INFO    : Step 79: 分析一致性
2026-01-29 17:42:02,313 INFO    : Step 79: 分析完成
2026-01-29 17:42:02,314 INFO    : === Step 80: 开始Hessian分析 ===
2026-01-29 17:42:05,540 INFO    : Step 80: 分析低秩特性
2026-01-29 17:42:06,098 INFO    : Step 80: 分析一致性
2026-01-29 17:42:06,251 INFO    : Step 80: 分析完成
2026-01-29 17:42:06,252 INFO    : === Step 81: 开始Hessian分析 ===
2026-01-29 17:42:09,482 INFO    : Step 81: 分析低秩特性
2026-01-29 17:42:10,041 INFO    : Step 81: 分析一致性
2026-01-29 17:42:10,200 INFO    : Step 81: 分析完成
2026-01-29 17:42:10,200 INFO    : === Step 82: 开始Hessian分析 ===
2026-01-29 17:42:13,429 INFO    : Step 82: 分析低秩特性
2026-01-29 17:42:13,984 INFO    : Step 82: 分析一致性
2026-01-29 17:42:14,140 INFO    : Step 82: 分析完成
2026-01-29 17:42:14,141 INFO    : === Step 83: 开始Hessian分析 ===
2026-01-29 17:42:17,368 INFO    : Step 83: 分析低秩特性
2026-01-29 17:42:17,924 INFO    : Step 83: 分析一致性
2026-01-29 17:42:18,082 INFO    : Step 83: 分析完成
2026-01-29 17:42:18,083 INFO    : === Step 84: 开始Hessian分析 ===
2026-01-29 17:42:21,313 INFO    : Step 84: 分析低秩特性
2026-01-29 17:42:21,870 INFO    : Step 84: 分析一致性
2026-01-29 17:42:22,029 INFO    : Step 84: 分析完成
2026-01-29 17:42:22,030 INFO    : === Step 85: 开始Hessian分析 ===
2026-01-29 17:42:25,257 INFO    : Step 85: 分析低秩特性
2026-01-29 17:42:25,812 INFO    : Step 85: 分析一致性
2026-01-29 17:42:25,969 INFO    : Step 85: 分析完成
2026-01-29 17:42:25,969 INFO    : === Step 86: 开始Hessian分析 ===
2026-01-29 17:42:29,195 INFO    : Step 86: 分析低秩特性
2026-01-29 17:42:29,751 INFO    : Step 86: 分析一致性
2026-01-29 17:42:29,908 INFO    : Step 86: 分析完成
2026-01-29 17:42:29,908 INFO    : === Step 87: 开始Hessian分析 ===
2026-01-29 17:42:33,141 INFO    : Step 87: 分析低秩特性
2026-01-29 17:42:33,697 INFO    : Step 87: 分析一致性
2026-01-29 17:42:33,856 INFO    : Step 87: 分析完成
2026-01-29 17:42:33,857 INFO    : === Step 88: 开始Hessian分析 ===
2026-01-29 17:42:37,087 INFO    : Step 88: 分析低秩特性
2026-01-29 17:42:37,643 INFO    : Step 88: 分析一致性
2026-01-29 17:42:37,802 INFO    : Step 88: 分析完成
2026-01-29 17:42:37,802 INFO    : === Step 89: 开始Hessian分析 ===
2026-01-29 17:42:41,027 INFO    : Step 89: 分析低秩特性
2026-01-29 17:42:41,583 INFO    : Step 89: 分析一致性
2026-01-29 17:42:41,738 INFO    : Step 89: 分析完成
2026-01-29 17:42:41,739 INFO    : === Step 90: 开始Hessian分析 ===
2026-01-29 17:42:44,963 INFO    : Step 90: 分析低秩特性
2026-01-29 17:42:45,519 INFO    : Step 90: 分析一致性
2026-01-29 17:42:45,673 INFO    : Step 90: 分析完成
2026-01-29 17:42:45,673 INFO    : === Step 91: 开始Hessian分析 ===
2026-01-29 17:42:48,899 INFO    : Step 91: 分析低秩特性
2026-01-29 17:42:49,454 INFO    : Step 91: 分析一致性
2026-01-29 17:42:49,610 INFO    : Step 91: 分析完成
2026-01-29 17:42:49,611 INFO    : === Step 92: 开始Hessian分析 ===
2026-01-29 17:42:52,834 INFO    : Step 92: 分析低秩特性
2026-01-29 17:42:53,390 INFO    : Step 92: 分析一致性
2026-01-29 17:42:53,546 INFO    : Step 92: 分析完成
2026-01-29 17:42:53,546 INFO    : === Step 93: 开始Hessian分析 ===
2026-01-29 17:42:56,776 INFO    : Step 93: 分析低秩特性
2026-01-29 17:42:57,334 INFO    : Step 93: 分析一致性
2026-01-29 17:42:57,484 INFO    : Step 93: 分析完成
2026-01-29 17:42:57,485 INFO    : === Step 94: 开始Hessian分析 ===
2026-01-29 17:43:00,708 INFO    : Step 94: 分析低秩特性
2026-01-29 17:43:01,263 INFO    : Step 94: 分析一致性
2026-01-29 17:43:01,417 INFO    : Step 94: 分析完成
2026-01-29 17:43:01,418 INFO    : === Step 95: 开始Hessian分析 ===
2026-01-29 17:43:04,641 INFO    : Step 95: 分析低秩特性
2026-01-29 17:43:05,198 INFO    : Step 95: 分析一致性
2026-01-29 17:43:05,352 INFO    : Step 95: 分析完成
2026-01-29 17:43:05,353 INFO    : === Step 96: 开始Hessian分析 ===
2026-01-29 17:43:08,581 INFO    : Step 96: 分析低秩特性
2026-01-29 17:43:09,139 INFO    : Step 96: 分析一致性
2026-01-29 17:43:09,293 INFO    : Step 96: 分析完成
2026-01-29 17:43:09,294 INFO    : === Step 97: 开始Hessian分析 ===
2026-01-29 17:43:12,526 INFO    : Step 97: 分析低秩特性
2026-01-29 17:43:13,082 INFO    : Step 97: 分析一致性
2026-01-29 17:43:13,236 INFO    : Step 97: 分析完成
2026-01-29 17:43:13,237 INFO    : === Step 98: 开始Hessian分析 ===
2026-01-29 17:43:16,459 INFO    : Step 98: 分析低秩特性
2026-01-29 17:43:17,015 INFO    : Step 98: 分析一致性
2026-01-29 17:43:17,169 INFO    : Step 98: 分析完成
2026-01-29 17:43:17,170 INFO    : === Step 99: 开始Hessian分析 ===
2026-01-29 17:43:20,395 INFO    : Step 99: 分析低秩特性
2026-01-29 17:43:20,949 INFO    : Step 99: 分析一致性
2026-01-29 17:43:21,098 INFO    : Step 99: 分析完成
